2026-03-20 15:58:18,317 | INFO | billing | === Monthly billing job STARTED ===
2026-03-20 15:58:18,357 | INFO | billing | Billing date: 2026-03-20
2026-03-20 15:58:18,394 | INFO | billing | Generating RENT invoices for period 2026-03-01 to 2026-03-31
2026-03-20 15:58:18,399 | INFO | billing | Found 4 active tenancies for rent billing
2026-03-20 15:58:18,454 | INFO | billing | Invoice already exists for tenancy 1, category RENT
2026-03-20 15:58:18,489 | INFO | billing | Invoice already exists for tenancy 2, category RENT
2026-03-20 15:58:18,504 | INFO | billing | Invoice already exists for tenancy 3, category RENT
2026-03-20 15:58:18,552 | INFO | billing | Invoice already exists for tenancy 4, category RENT
2026-03-20 15:58:18,566 | INFO | billing | Starting recurring charge billing
2026-03-20 15:58:18,598 | INFO | billing | Found 3 active recurring charges
2026-03-20 15:58:18,617 | INFO | billing | Processing charge 1 | property=1 | amount=150.00
2026-03-20 15:58:18,631 | INFO | billing | Skipping charge 1 - already generated this month
2026-03-20 15:58:18,633 | INFO | billing | Processing charge 2 | property=1 | amount=100.00
2026-03-20 15:58:18,634 | INFO | billing | Skipping charge 2 - already generated this month
2026-03-20 15:58:18,636 | INFO | billing | Processing charge 3 | property=1 | amount=750.00
2026-03-20 15:58:18,640 | INFO | billing | 4 tenancies eligible for charge 3
2026-03-20 15:58:18,651 | INFO | billing | Creating charge invoice | tenancy=1 | charge=3 | amount=750.00
2026-03-20 15:58:18,652 | INFO | billing | Creating invoice + ledger | tenancy=1 | category=WATER | amount=750.00
2026-03-20 15:58:18,663 | INFO | billing | Invoice created | id=12 | tenancy=1
2026-03-20 15:58:18,667 | INFO | billing | Ledger entry created | invoice=12 | amount=750.00
2026-03-20 15:58:18,989 | INFO | billing | Creating charge invoice | tenancy=2 | charge=3 | amount=750.00
2026-03-20 15:58:18,990 | INFO | billing | Creating invoice + ledger | tenancy=2 | category=WATER | amount=750.00
2026-03-20 15:58:19,019 | INFO | billing | Invoice created | id=13 | tenancy=2
2026-03-20 15:58:19,022 | INFO | billing | Ledger entry created | invoice=13 | amount=750.00
2026-03-20 15:58:19,253 | INFO | billing | Creating charge invoice | tenancy=3 | charge=3 | amount=750.00
2026-03-20 15:58:19,254 | INFO | billing | Creating invoice + ledger | tenancy=3 | category=WATER | amount=750.00
2026-03-20 15:58:19,261 | INFO | billing | Invoice created | id=14 | tenancy=3
2026-03-20 15:58:19,264 | INFO | billing | Ledger entry created | invoice=14 | amount=750.00
2026-03-20 15:58:19,495 | INFO | billing | Creating charge invoice | tenancy=4 | charge=3 | amount=750.00
2026-03-20 15:58:19,495 | INFO | billing | Creating invoice + ledger | tenancy=4 | category=WATER | amount=750.00
2026-03-20 15:58:19,501 | INFO | billing | Invoice created | id=15 | tenancy=4
2026-03-20 15:58:19,505 | INFO | billing | Ledger entry created | invoice=15 | amount=750.00
2026-03-20 15:58:19,761 | INFO | billing | Charge 3 processed successfully
2026-03-20 15:58:19,951 | INFO | billing | === Monthly billing job COMPLETED ===
2026-03-20 19:29:30,479 | INFO | billing | === Monthly billing job STARTED ===
2026-03-20 19:29:30,489 | INFO | billing | Billing date: 2026-03-20
2026-03-20 19:29:30,490 | INFO | billing | Generating RENT invoices for period 2026-03-01 to 2026-03-31
2026-03-20 19:29:30,494 | INFO | billing | Found 4 active tenancies for rent billing
2026-03-20 19:29:30,508 | INFO | billing | Invoice already exists for tenancy 1, category RENT
2026-03-20 19:29:30,514 | INFO | billing | Invoice already exists for tenancy 2, category RENT
2026-03-20 19:29:30,520 | INFO | billing | Invoice already exists for tenancy 3, category RENT
2026-03-20 19:29:30,526 | INFO | billing | Invoice already exists for tenancy 4, category RENT
2026-03-20 19:29:30,526 | INFO | billing | Starting recurring charge billing
2026-03-20 19:29:30,529 | INFO | billing | Found 3 active recurring charges
2026-03-20 19:29:30,537 | INFO | billing | Processing charge 1 | property=1 | amount=150.00
2026-03-20 19:29:30,538 | INFO | billing | Skipping charge 1 - already generated this month
2026-03-20 19:29:30,540 | INFO | billing | Processing charge 2 | property=1 | amount=100.00
2026-03-20 19:29:30,540 | INFO | billing | Skipping charge 2 - already generated this month
2026-03-20 19:29:30,542 | INFO | billing | Processing charge 3 | property=1 | amount=750.00
2026-03-20 19:29:30,542 | INFO | billing | Skipping charge 3 - already generated this month
2026-03-20 19:29:30,543 | INFO | billing | === Monthly billing job COMPLETED ===
